<?xml version="1.0" encoding="UTF-8"?>
<!-- Generated by org.testng.reporters.JUnitReportReporter -->
<testsuite hostname="LT-019-PC" name="com.test.wordpress.wp_login_logoutTest" tests="1" failures="0" timestamp="21 Aug 2013 12:37:22 GMT" time="2.004" errors="0">
  <testcase name="launchSiteTest" time="2.004" classname="com.test.wordpress.wp_login_logoutTest"/>
</testsuite> <!-- com.test.wordpress.wp_login_logoutTest -->
